<?xml version="1.0" encoding="UTF-8"?>
<coverage generated="1599251354948" clover="3.2.0">
  <project timestamp="1599251354948" name="All files">
    <metrics statements="21" coveredstatements="20" conditionals="2" coveredconditionals="1" methods="6" coveredmethods="6" elements="29" coveredelements="27" complexity="0" loc="21" ncloc="21" packages="1" files="1" classes="1"/>
    <file name="blscripts.js" path="/Users/forrestreiland/Desktop/javascript/galactic-age/src/js/blscripts.js">
      <metrics statements="21" coveredstatements="20" conditionals="2" coveredconditionals="1" methods="6" coveredmethods="6"/>
      <line num="3" count="7" type="stmt"/>
      <line num="4" count="7" type="stmt"/>
      <line num="8" count="1" type="stmt"/>
      <line num="9" count="1" type="stmt"/>
      <line num="14" count="1" type="stmt"/>
      <line num="15" count="1" type="stmt"/>
      <line num="20" count="1" type="stmt"/>
      <line num="21" count="1" type="stmt"/>
      <line num="26" count="1" type="stmt"/>
      <line num="27" count="1" type="stmt"/>
      <line num="32" count="1" type="stmt"/>
      <line num="33" count="1" type="stmt"/>
      <line num="34" count="1" type="stmt"/>
      <line num="35" count="1" type="cond" truecount="1" falsecount="1"/>
      <line num="36" count="0" type="stmt"/>
      <line num="39" count="1" type="stmt"/>
      <line num="48" count="1" type="stmt"/>
      <line num="56" count="1" type="stmt"/>
      <line num="64" count="1" type="stmt"/>
      <line num="72" count="1" type="stmt"/>
      <line num="80" count="1" type="stmt"/>
    </file>
  </project>
</coverage>
