{"/Users/forrestreiland/Desktop/javascript/galactic-age/src/js/blscripts.js": {"path":"/Users/forrestreiland/Desktop/javascript/galactic-age/src/js/blscripts.js","statementMap":{"0":{"start":{"line":3,"column":4},"end":{"line":3,"column":19}},"1":{"start":{"line":4,"column":4},"end":{"line":4,"column":21}}},"fnMap":{"0":{"name":"(anonymous_0)","decl":{"start":{"line":2,"column":2},"end":{"line":2,"column":3}},"loc":{"start":{"line":2,"column":25},"end":{"line":5,"column":3}},"line":2}},"branchMap":{},"s":{"0":0,"1":0},"f":{"0":0},"b":{},"_coverageSchema":"43e27e138ebf9cfc5966b082cf9a028302ed4184","hash":"c706ece498ac4791d5cf4de4dc378e14abfd0eee"}
}
