TN:
SF:/Users/forrestreiland/Desktop/javascript/galactic-age/src/js/blscripts.js
FN:2,(anonymous_0)
FN:7,(anonymous_1)
FN:13,(anonymous_2)
FN:19,(anonymous_3)
FN:25,(anonymous_4)
FN:31,(anonymous_5)
FN:42,(anonymous_6)
FN:50,(anonymous_7)
FN:58,(anonymous_8)
FN:66,(anonymous_9)
FNF:10
FNH:10
FNDA:14,(anonymous_0)
FNDA:1,(anonymous_1)
FNDA:1,(anonymous_2)
FNDA:1,(anonymous_3)
FNDA:1,(anonymous_4)
FNDA:2,(anonymous_5)
FNDA:1,(anonymous_6)
FNDA:2,(anonymous_7)
FNDA:1,(anonymous_8)
FNDA:1,(anonymous_9)
DA:3,14
DA:4,14
DA:8,1
DA:9,1
DA:14,1
DA:15,1
DA:20,1
DA:21,1
DA:26,1
DA:27,1
DA:32,2
DA:33,2
DA:34,2
DA:35,2
DA:36,1
DA:39,1
DA:43,1
DA:44,1
DA:45,1
DA:47,1
DA:51,2
DA:52,2
DA:53,2
DA:55,2
DA:59,1
DA:60,1
DA:61,1
DA:63,1
DA:67,1
DA:68,1
DA:69,1
DA:71,1
DA:80,2
DA:88,2
DA:96,2
DA:104,2
DA:112,2
LF:37
LH:37
BRDA:35,0,0,1
BRDA:35,0,1,1
BRF:2
BRH:2
end_of_record
